# zsim stats
===
root: # Stats
 contention: # Contention simulation stats
  domain-0: # Domain stats
   time: 236342543 # Weave simulation time
 time: # Simulator time breakdown
  init: 557454601
  bound: 40216866211
  weave: 1273074541
  ff: 0
 trigger: 20000 # Reason for this stats dump
 phase: 39289 # Simulated phases
 westmere: # Core stats
  westmere-0: # Core stats
   cycles: 392890001 # Simulated unhalted cycles
   cCycles: 30223 # Cycles due to contention stalls
   instrs: 625009052 # Simulated instructions
   uops: 750425583 # Retired micro-ops
   bbls: 83821170 # Basic blocks
   approxInstrs: 6871251 # Instrs with approx uop decoding
   mispredBranches: 1800397 # Mispredicted branches
   condBranches: 64863296 # conditional branches
  westmere-1: # Core stats
   cycles: 392890012 # Simulated unhalted cycles
   cCycles: 33837 # Cycles due to contention stalls
   instrs: 625004171 # Simulated instructions
   uops: 750419252 # Retired micro-ops
   bbls: 83820211 # Basic blocks
   approxInstrs: 6871224 # Instrs with approx uop decoding
   mispredBranches: 1800361 # Mispredicted branches
   condBranches: 64862550 # conditional branches
  westmere-2: # Core stats
   cycles: 392880001 # Simulated unhalted cycles
   cCycles: 30764 # Cycles due to contention stalls
   instrs: 625002658 # Simulated instructions
   uops: 750417347 # Retired micro-ops
   bbls: 83820020 # Basic blocks
   approxInstrs: 6871178 # Instrs with approx uop decoding
   mispredBranches: 1800345 # Mispredicted branches
   condBranches: 64862440 # conditional branches
  westmere-3: # Core stats
   cycles: 392880003 # Simulated unhalted cycles
   cCycles: 27839 # Cycles due to contention stalls
   instrs: 625004212 # Simulated instructions
   uops: 750419309 # Retired micro-ops
   bbls: 83820211 # Basic blocks
   approxInstrs: 6871225 # Instrs with approx uop decoding
   mispredBranches: 1800360 # Mispredicted branches
   condBranches: 64862551 # conditional branches
  westmere-4: # Core stats
   cycles: 392880003 # Simulated unhalted cycles
   cCycles: 28078 # Cycles due to contention stalls
   instrs: 625010922 # Simulated instructions
   uops: 750427080 # Retired micro-ops
   bbls: 83821143 # Basic blocks
   approxInstrs: 6871289 # Instrs with approx uop decoding
   mispredBranches: 1800387 # Mispredicted branches
   condBranches: 64863385 # conditional branches
  westmere-5: # Core stats
   cycles: 392880003 # Simulated unhalted cycles
   cCycles: 31494 # Cycles due to contention stalls
   instrs: 625001279 # Simulated instructions
   uops: 750415700 # Retired micro-ops
   bbls: 83819803 # Basic blocks
   approxInstrs: 6871118 # Instrs with approx uop decoding
   mispredBranches: 1800329 # Mispredicted branches
   condBranches: 64862317 # conditional branches
  westmere-6: # Core stats
   cycles: 392880002 # Simulated unhalted cycles
   cCycles: 29448 # Cycles due to contention stalls
   instrs: 625005135 # Simulated instructions
   uops: 750420472 # Retired micro-ops
   bbls: 83820336 # Basic blocks
   approxInstrs: 6871256 # Instrs with approx uop decoding
   mispredBranches: 1800372 # Mispredicted branches
   condBranches: 64862620 # conditional branches
  westmere-7: # Core stats
   cycles: 392880001 # Simulated unhalted cycles
   cCycles: 29209 # Cycles due to contention stalls
   instrs: 624997444 # Simulated instructions
   uops: 750410891 # Retired micro-ops
   bbls: 83819313 # Basic blocks
   approxInstrs: 6870993 # Instrs with approx uop decoding
   mispredBranches: 1800294 # Mispredicted branches
   condBranches: 64862030 # conditional branches
 l1i: # Cache stats
  l1i-0: # Filter cache stats
   fhGETS: 112021756 # Filtered GETS hits
   fhGETX: 0 # Filtered GETX hits
   hGETS: 1226292 # GETS hits
   hGETX: 0 # GETX hits
   mGETS: 45499 # GETS misses
   mGETXIM: 0 # GETX I->M misses
   mGETXSM: 0 # GETX S->M misses (upgrade misses)
   PUTS: 0 # Clean evictions (from lower level)
   PUTX: 0 # Dirty evictions (from lower level)
   INV: 0 # Invalidates (from upper level)
   INVX: 0 # Downgrades (from upper level)
   FWD: 0 # Forwards (from upper level)
   latGETnl: 480598 # GET request latency on next level
   latGETnet: 0 # GET request latency on network to next level
  l1i-1: # Filter cache stats
   fhGETS: 112020807 # Filtered GETS hits
   fhGETX: 0 # Filtered GETX hits
   hGETS: 1226160 # GETS hits
   hGETX: 0 # GETX hits
   mGETS: 45417 # GETS misses
   mGETXIM: 0 # GETX I->M misses
   mGETXSM: 0 # GETX S->M misses (upgrade misses)
   PUTS: 0 # Clean evictions (from lower level)
   PUTX: 0 # Dirty evictions (from lower level)
   INV: 0 # Invalidates (from upper level)
   INVX: 0 # Downgrades (from upper level)
   FWD: 0 # Forwards (from upper level)
   latGETnl: 485748 # GET request latency on next level
   latGETnet: 0 # GET request latency on network to next level
  l1i-2: # Filter cache stats
   fhGETS: 112020507 # Filtered GETS hits
   fhGETX: 0 # Filtered GETX hits
   hGETS: 1226158 # GETS hits
   hGETX: 0 # GETX hits
   mGETS: 45429 # GETS misses
   mGETXIM: 0 # GETX I->M misses
   mGETXSM: 0 # GETX S->M misses (upgrade misses)
   PUTS: 0 # Clean evictions (from lower level)
   PUTX: 0 # Dirty evictions (from lower level)
   INV: 0 # Invalidates (from upper level)
   INVX: 0 # Downgrades (from upper level)
   FWD: 0 # Forwards (from upper level)
   latGETnl: 474330 # GET request latency on next level
   latGETnet: 0 # GET request latency on network to next level
  l1i-3: # Filter cache stats
   fhGETS: 112020832 # Filtered GETS hits
   fhGETX: 0 # Filtered GETX hits
   hGETS: 1226157 # GETS hits
   hGETX: 0 # GETX hits
   mGETS: 45425 # GETS misses
   mGETXIM: 0 # GETX I->M misses
   mGETXSM: 0 # GETX S->M misses (upgrade misses)
   PUTS: 0 # Clean evictions (from lower level)
   PUTX: 0 # Dirty evictions (from lower level)
   INV: 0 # Invalidates (from upper level)
   INVX: 0 # Downgrades (from upper level)
   FWD: 0 # Forwards (from upper level)
   latGETnl: 476534 # GET request latency on next level
   latGETnet: 0 # GET request latency on network to next level
  l1i-4: # Filter cache stats
   fhGETS: 112022089 # Filtered GETS hits
   fhGETX: 0 # Filtered GETX hits
   hGETS: 1226165 # GETS hits
   hGETX: 0 # GETX hits
   mGETS: 45425 # GETS misses
   mGETXIM: 0 # GETX I->M misses
   mGETXSM: 0 # GETX S->M misses (upgrade misses)
   PUTS: 0 # Clean evictions (from lower level)
   PUTX: 0 # Dirty evictions (from lower level)
   INV: 0 # Invalidates (from upper level)
   INVX: 0 # Downgrades (from upper level)
   FWD: 0 # Forwards (from upper level)
   latGETnl: 471674 # GET request latency on next level
   latGETnet: 0 # GET request latency on network to next level
  l1i-5: # Filter cache stats
   fhGETS: 112020207 # Filtered GETS hits
   fhGETX: 0 # Filtered GETX hits
   hGETS: 1226159 # GETS hits
   hGETX: 0 # GETX hits
   mGETS: 45423 # GETS misses
   mGETXIM: 0 # GETX I->M misses
   mGETXSM: 0 # GETX S->M misses (upgrade misses)
   PUTS: 0 # Clean evictions (from lower level)
   PUTX: 0 # Dirty evictions (from lower level)
   INV: 0 # Invalidates (from upper level)
   INVX: 0 # Downgrades (from upper level)
   FWD: 0 # Forwards (from upper level)
   latGETnl: 476064 # GET request latency on next level
   latGETnet: 0 # GET request latency on network to next level
  l1i-6: # Filter cache stats
   fhGETS: 112021047 # Filtered GETS hits
   fhGETX: 0 # Filtered GETX hits
   hGETS: 1226159 # GETS hits
   hGETX: 0 # GETX hits
   mGETS: 45426 # GETS misses
   mGETXIM: 0 # GETX I->M misses
   mGETXSM: 0 # GETX S->M misses (upgrade misses)
   PUTS: 0 # Clean evictions (from lower level)
   PUTX: 0 # Dirty evictions (from lower level)
   INV: 0 # Invalidates (from upper level)
   INVX: 0 # Downgrades (from upper level)
   FWD: 0 # Forwards (from upper level)
   latGETnl: 477246 # GET request latency on next level
   latGETnet: 0 # GET request latency on network to next level
  l1i-7: # Filter cache stats
   fhGETS: 112019342 # Filtered GETS hits
   fhGETX: 0 # Filtered GETX hits
   hGETS: 1226151 # GETS hits
   hGETX: 0 # GETX hits
   mGETS: 45429 # GETS misses
   mGETXIM: 0 # GETX I->M misses
   mGETXSM: 0 # GETX S->M misses (upgrade misses)
   PUTS: 0 # Clean evictions (from lower level)
   PUTX: 0 # Dirty evictions (from lower level)
   INV: 0 # Invalidates (from upper level)
   INVX: 0 # Downgrades (from upper level)
   FWD: 0 # Forwards (from upper level)
   latGETnl: 472170 # GET request latency on next level
   latGETnet: 0 # GET request latency on network to next level
 l1d: # Cache stats
  l1d-0: # Filter cache stats
   fhGETS: 160740893 # Filtered GETS hits
   fhGETX: 37999672 # Filtered GETX hits
   hGETS: 11329200 # GETS hits
   hGETX: 11699145 # GETX hits
   mGETS: 1336855 # GETS misses
   mGETXIM: 1106637 # GETX I->M misses
   mGETXSM: 17 # GETX S->M misses (upgrade misses)
   PUTS: 0 # Clean evictions (from lower level)
   PUTX: 0 # Dirty evictions (from lower level)
   INV: 45 # Invalidates (from upper level)
   INVX: 39 # Downgrades (from upper level)
   FWD: 0 # Forwards (from upper level)
   latGETnl: 24606072 # GET request latency on next level
   latGETnet: 0 # GET request latency on network to next level
  l1d-1: # Filter cache stats
   fhGETS: 157439712 # Filtered GETS hits
   fhGETX: 37690971 # Filtered GETX hits
   hGETS: 14626566 # GETS hits
   hGETX: 12014777 # GETX hits
   mGETS: 1339855 # GETS misses
   mGETXIM: 1098470 # GETX I->M misses
   mGETXSM: 3 # GETX S->M misses (upgrade misses)
   PUTS: 0 # Clean evictions (from lower level)
   PUTX: 0 # Dirty evictions (from lower level)
   INV: 10 # Invalidates (from upper level)
   INVX: 62 # Downgrades (from upper level)
   FWD: 0 # Forwards (from upper level)
   latGETnl: 24541743 # GET request latency on next level
   latGETnet: 0 # GET request latency on network to next level
  l1d-2: # Filter cache stats
   fhGETS: 160815839 # Filtered GETS hits
   fhGETX: 38009430 # Filtered GETX hits
   hGETS: 11251213 # GETS hits
   hGETX: 11688626 # GETX hits
   mGETS: 1338583 # GETS misses
   mGETXIM: 1106076 # GETX I->M misses
   mGETXSM: 5 # GETX S->M misses (upgrade misses)
   PUTS: 0 # Clean evictions (from lower level)
   PUTX: 0 # Dirty evictions (from lower level)
   INV: 8 # Invalidates (from upper level)
   INVX: 53 # Downgrades (from upper level)
   FWD: 0 # Forwards (from upper level)
   latGETnl: 24604348 # GET request latency on next level
   latGETnet: 0 # GET request latency on network to next level
  l1d-3: # Filter cache stats
   fhGETS: 160837309 # Filtered GETS hits
   fhGETX: 38008713 # Filtered GETX hits
   hGETS: 11232510 # GETS hits
   hGETX: 11690755 # GETX hits
   mGETS: 1336335 # GETS misses
   mGETXIM: 1104751 # GETX I->M misses
   mGETXSM: 6 # GETX S->M misses (upgrade misses)
   PUTS: 0 # Clean evictions (from lower level)
   PUTX: 0 # Dirty evictions (from lower level)
   INV: 16 # Invalidates (from upper level)
   INVX: 109 # Downgrades (from upper level)
   FWD: 0 # Forwards (from upper level)
   latGETnl: 24573943 # GET request latency on next level
   latGETnet: 0 # GET request latency on network to next level
  l1d-4: # Filter cache stats
   fhGETS: 160736942 # Filtered GETS hits
   fhGETX: 38014641 # Filtered GETX hits
   hGETS: 11334308 # GETS hits
   hGETX: 11677328 # GETX hits
   mGETS: 1337236 # GETS misses
   mGETXIM: 1112497 # GETX I->M misses
   mGETXSM: 5 # GETX S->M misses (upgrade misses)
   PUTS: 0 # Clean evictions (from lower level)
   PUTX: 0 # Dirty evictions (from lower level)
   INV: 10 # Invalidates (from upper level)
   INVX: 78 # Downgrades (from upper level)
   FWD: 0 # Forwards (from upper level)
   latGETnl: 24656977 # GET request latency on next level
   latGETnet: 0 # GET request latency on network to next level
  l1d-5: # Filter cache stats
   fhGETS: 159021093 # Filtered GETS hits
   fhGETX: 37999666 # Filtered GETX hits
   hGETS: 13044733 # GETS hits
   hGETX: 11696612 # GETX hits
   mGETS: 1339463 # GETS misses
   mGETXIM: 1107777 # GETX I->M misses
   mGETXSM: 6 # GETX S->M misses (upgrade misses)
   PUTS: 0 # Clean evictions (from lower level)
   PUTX: 0 # Dirty evictions (from lower level)
   INV: 20 # Invalidates (from upper level)
   INVX: 34 # Downgrades (from upper level)
   FWD: 0 # Forwards (from upper level)
   latGETnl: 24629148 # GET request latency on next level
   latGETnet: 0 # GET request latency on network to next level
  l1d-6: # Filter cache stats
   fhGETS: 156201238 # Filtered GETS hits
   fhGETX: 37773288 # Filtered GETX hits
   hGETS: 15865496 # GETS hits
   hGETX: 11930850 # GETX hits
   mGETS: 1339715 # GETS misses
   mGETXIM: 1100138 # GETX I->M misses
   mGETXSM: 5 # GETX S->M misses (upgrade misses)
   PUTS: 0 # Clean evictions (from lower level)
   PUTX: 0 # Dirty evictions (from lower level)
   INV: 7 # Invalidates (from upper level)
   INVX: 31 # Downgrades (from upper level)
   FWD: 0 # Forwards (from upper level)
   latGETnl: 24553734 # GET request latency on next level
   latGETnet: 0 # GET request latency on network to next level
  l1d-7: # Filter cache stats
   fhGETS: 161018549 # Filtered GETS hits
   fhGETX: 38009195 # Filtered GETX hits
   hGETS: 11047271 # GETS hits
   hGETX: 11693482 # GETX hits
   mGETS: 1338229 # GETS misses
   mGETXIM: 1101161 # GETX I->M misses
   mGETXSM: 5 # GETX S->M misses (upgrade misses)
   PUTS: 0 # Clean evictions (from lower level)
   PUTX: 0 # Dirty evictions (from lower level)
   INV: 5 # Invalidates (from upper level)
   INVX: 47 # Downgrades (from upper level)
   FWD: 0 # Forwards (from upper level)
   latGETnl: 24550267 # GET request latency on next level
   latGETnet: 0 # GET request latency on network to next level
 l2: # Cache stats
  l2-0: # Cache stats
   hGETS: 1381094 # GETS hits
   hGETX: 1105414 # GETX hits
   mGETS: 1260 # GETS misses
   mGETXIM: 1223 # GETX I->M misses
   mGETXSM: 17 # GETX S->M misses (upgrade misses)
   PUTS: 1191330 # Clean evictions (from lower level)
   PUTX: 1296611 # Dirty evictions (from lower level)
   INV: 45 # Invalidates (from upper level)
   INVX: 40 # Downgrades (from upper level)
   FWD: 0 # Forwards (from upper level)
   latGETnl: 196590 # GET request latency on next level
   latGETnet: 0 # GET request latency on network to next level
  l2-1: # Cache stats
   hGETS: 1384109 # GETS hits
   hGETX: 1097374 # GETX hits
   mGETS: 1163 # GETS misses
   mGETXIM: 1096 # GETX I->M misses
   mGETXSM: 3 # GETX S->M misses (upgrade misses)
   PUTS: 1194583 # Clean evictions (from lower level)
   PUTX: 1288155 # Dirty evictions (from lower level)
   INV: 10 # Invalidates (from upper level)
   INVX: 62 # Downgrades (from upper level)
   FWD: 0 # Forwards (from upper level)
   latGETnl: 190041 # GET request latency on next level
   latGETnet: 0 # GET request latency on network to next level
  l2-2: # Cache stats
   hGETS: 1382847 # GETS hits
   hGETX: 1104980 # GETX hits
   mGETS: 1165 # GETS misses
   mGETXIM: 1096 # GETX I->M misses
   mGETXSM: 5 # GETX S->M misses (upgrade misses)
   PUTS: 1192047 # Clean evictions (from lower level)
   PUTX: 1297039 # Dirty evictions (from lower level)
   INV: 15 # Invalidates (from upper level)
   INVX: 53 # Downgrades (from upper level)
   FWD: 0 # Forwards (from upper level)
   latGETnl: 177748 # GET request latency on next level
   latGETnet: 0 # GET request latency on network to next level
  l2-3: # Cache stats
   hGETS: 1380593 # GETS hits
   hGETX: 1103655 # GETX hits
   mGETS: 1167 # GETS misses
   mGETXIM: 1096 # GETX I->M misses
   mGETXSM: 6 # GETX S->M misses (upgrade misses)
   PUTS: 1191105 # Clean evictions (from lower level)
   PUTX: 1294397 # Dirty evictions (from lower level)
   INV: 222 # Invalidates (from upper level)
   INVX: 109 # Downgrades (from upper level)
   FWD: 0 # Forwards (from upper level)
   latGETnl: 185307 # GET request latency on next level
   latGETnet: 0 # GET request latency on network to next level
  l2-4: # Cache stats
   hGETS: 1381499 # GETS hits
   hGETX: 1111400 # GETX hits
   mGETS: 1162 # GETS misses
   mGETXIM: 1097 # GETX I->M misses
   mGETXSM: 5 # GETX S->M misses (upgrade misses)
   PUTS: 1191188 # Clean evictions (from lower level)
   PUTX: 1302969 # Dirty evictions (from lower level)
   INV: 10 # Invalidates (from upper level)
   INVX: 78 # Downgrades (from upper level)
   FWD: 0 # Forwards (from upper level)
   latGETnl: 177021 # GET request latency on next level
   latGETnet: 0 # GET request latency on network to next level
  l2-5: # Cache stats
   hGETS: 1383714 # GETS hits
   hGETX: 1106681 # GETX hits
   mGETS: 1172 # GETS misses
   mGETXIM: 1096 # GETX I->M misses
   mGETXSM: 6 # GETX S->M misses (upgrade misses)
   PUTS: 1193092 # Clean evictions (from lower level)
   PUTX: 1298560 # Dirty evictions (from lower level)
   INV: 173 # Invalidates (from upper level)
   INVX: 34 # Downgrades (from upper level)
   FWD: 0 # Forwards (from upper level)
   latGETnl: 178522 # GET request latency on next level
   latGETnet: 0 # GET request latency on network to next level
  l2-6: # Cache stats
   hGETS: 1383978 # GETS hits
   hGETX: 1099042 # GETX hits
   mGETS: 1163 # GETS misses
   mGETXIM: 1096 # GETX I->M misses
   mGETXSM: 5 # GETX S->M misses (upgrade misses)
   PUTS: 1192876 # Clean evictions (from lower level)
   PUTX: 1291402 # Dirty evictions (from lower level)
   INV: 7 # Invalidates (from upper level)
   INVX: 31 # Downgrades (from upper level)
   FWD: 0 # Forwards (from upper level)
   latGETnl: 178140 # GET request latency on next level
   latGETnet: 0 # GET request latency on network to next level
  l2-7: # Cache stats
   hGETS: 1382495 # GETS hits
   hGETX: 1100065 # GETX hits
   mGETS: 1163 # GETS misses
   mGETXIM: 1096 # GETX I->M misses
   mGETXSM: 5 # GETX S->M misses (upgrade misses)
   PUTS: 1193473 # Clean evictions (from lower level)
   PUTX: 1290347 # Dirty evictions (from lower level)
   INV: 5 # Invalidates (from upper level)
   INVX: 47 # Downgrades (from upper level)
   FWD: 0 # Forwards (from upper level)
   latGETnl: 174197 # GET request latency on next level
   latGETnet: 0 # GET request latency on network to next level
 l3: # Cache stats
  l3-0b0: # Cache stats
   hGETS: 869 # GETS hits
   hGETX: 6 # GETX hits
   mGETS: 296 # GETS misses
   mGETXIM: 1099 # GETX I->M misses
   mGETXSM: 0 # GETX S->M misses (upgrade misses)
   PUTS: 0 # Clean evictions (from lower level)
   PUTX: 0 # Dirty evictions (from lower level)
   INV: 0 # Invalidates (from upper level)
   INVX: 0 # Downgrades (from upper level)
   FWD: 0 # Forwards (from upper level)
   latGETnl: 125550 # GET request latency on next level
   latGETnet: 0 # GET request latency on network to next level
  l3-0b1: # Cache stats
   hGETS: 904 # GETS hits
   hGETX: 12 # GETX hits
   mGETS: 301 # GETS misses
   mGETXIM: 1092 # GETX I->M misses
   mGETXSM: 0 # GETX S->M misses (upgrade misses)
   PUTS: 1 # Clean evictions (from lower level)
   PUTX: 0 # Dirty evictions (from lower level)
   INV: 0 # Invalidates (from upper level)
   INVX: 0 # Downgrades (from upper level)
   FWD: 0 # Forwards (from upper level)
   latGETnl: 125370 # GET request latency on next level
   latGETnet: 0 # GET request latency on network to next level
  l3-0b2: # Cache stats
   hGETS: 902 # GETS hits
   hGETX: 5 # GETX hits
   mGETS: 282 # GETS misses
   mGETXIM: 1125 # GETX I->M misses
   mGETXSM: 0 # GETX S->M misses (upgrade misses)
   PUTS: 0 # Clean evictions (from lower level)
   PUTX: 0 # Dirty evictions (from lower level)
   INV: 0 # Invalidates (from upper level)
   INVX: 0 # Downgrades (from upper level)
   FWD: 0 # Forwards (from upper level)
   latGETnl: 126630 # GET request latency on next level
   latGETnet: 0 # GET request latency on network to next level
  l3-0b3: # Cache stats
   hGETS: 858 # GETS hits
   hGETX: 8 # GETX hits
   mGETS: 301 # GETS misses
   mGETXIM: 1100 # GETX I->M misses
   mGETXSM: 0 # GETX S->M misses (upgrade misses)
   PUTS: 0 # Clean evictions (from lower level)
   PUTX: 0 # Dirty evictions (from lower level)
   INV: 0 # Invalidates (from upper level)
   INVX: 0 # Downgrades (from upper level)
   FWD: 0 # Forwards (from upper level)
   latGETnl: 126090 # GET request latency on next level
   latGETnet: 0 # GET request latency on network to next level
  l3-0b4: # Cache stats
   hGETS: 848 # GETS hits
   hGETX: 7 # GETX hits
   mGETS: 280 # GETS misses
   mGETXIM: 1121 # GETX I->M misses
   mGETXSM: 0 # GETX S->M misses (upgrade misses)
   PUTS: 0 # Clean evictions (from lower level)
   PUTX: 0 # Dirty evictions (from lower level)
   INV: 0 # Invalidates (from upper level)
   INVX: 0 # Downgrades (from upper level)
   FWD: 0 # Forwards (from upper level)
   latGETnl: 126090 # GET request latency on next level
   latGETnet: 0 # GET request latency on network to next level
  l3-0b5: # Cache stats
   hGETS: 905 # GETS hits
   hGETX: 19 # GETX hits
   mGETS: 306 # GETS misses
   mGETXIM: 1106 # GETX I->M misses
   mGETXSM: 0 # GETX S->M misses (upgrade misses)
   PUTS: 0 # Clean evictions (from lower level)
   PUTX: 0 # Dirty evictions (from lower level)
   INV: 0 # Invalidates (from upper level)
   INVX: 0 # Downgrades (from upper level)
   FWD: 0 # Forwards (from upper level)
   latGETnl: 127080 # GET request latency on next level
   latGETnet: 0 # GET request latency on network to next level
  l3-0b6: # Cache stats
   hGETS: 874 # GETS hits
   hGETX: 13 # GETX hits
   mGETS: 301 # GETS misses
   mGETXIM: 1106 # GETX I->M misses
   mGETXSM: 0 # GETX S->M misses (upgrade misses)
   PUTS: 0 # Clean evictions (from lower level)
   PUTX: 0 # Dirty evictions (from lower level)
   INV: 0 # Invalidates (from upper level)
   INVX: 0 # Downgrades (from upper level)
   FWD: 0 # Forwards (from upper level)
   latGETnl: 126630 # GET request latency on next level
   latGETnet: 0 # GET request latency on network to next level
  l3-0b7: # Cache stats
   hGETS: 889 # GETS hits
   hGETX: 11 # GETX hits
   mGETS: 299 # GETS misses
   mGETXIM: 1118 # GETX I->M misses
   mGETXSM: 0 # GETX S->M misses (upgrade misses)
   PUTS: 0 # Clean evictions (from lower level)
   PUTX: 0 # Dirty evictions (from lower level)
   INV: 0 # Invalidates (from upper level)
   INVX: 0 # Downgrades (from upper level)
   FWD: 0 # Forwards (from upper level)
   latGETnl: 127530 # GET request latency on next level
   latGETnet: 0 # GET request latency on network to next level
 mem: # Memory controller stats
  mem-0: # Memory controller stats
   rd: 2841 # Read requests
   wr: 92 # Write requests
   rdlat: 622658 # Total latency experienced by read requests
   wrlat: 28461 # Total latency experienced by write requests
   rdhits: 290 # Read row hits
   wrhits: 8 # Write row hits
   mlh: # latency histogram for memory requests
    0: 0
    1: 0
    2: 0
    3: 0
    4: 0
    5: 0
    6: 0
    7: 0
    8: 0
    9: 0
    10: 0
    11: 4
    12: 12
    13: 1610
    14: 229
    15: 118
    16: 91
    17: 48
    18: 49
    19: 34
    20: 40
    21: 35
    22: 20
    23: 26
    24: 42
    25: 30
    26: 22
    27: 17
    28: 10
    29: 13
    30: 10
    31: 11
    32: 12
    33: 10
    34: 4
    35: 7
    36: 7
    37: 8
    38: 6
    39: 5
    40: 6
    41: 5
    42: 1
    43: 4
    44: 3
    45: 5
    46: 2
    47: 3
    48: 7
    49: 8
    50: 2
    51: 0
    52: 3
    53: 3
    54: 5
    55: 3
    56: 4
    57: 5
    58: 2
    59: 2
    60: 3
    61: 1
    62: 2
    63: 4
    64: 3
    65: 3
    66: 7
    67: 6
    68: 4
    69: 6
    70: 6
    71: 7
    72: 4
    73: 11
    74: 10
    75: 7
    76: 16
    77: 9
    78: 5
    79: 3
    80: 2
    81: 8
    82: 4
    83: 5
    84: 5
    85: 3
    86: 4
    87: 6
    88: 6
    89: 15
    90: 5
    91: 6
    92: 7
    93: 8
    94: 8
    95: 7
    96: 10
    97: 6
    98: 2
    99: 4
  mem-1: # Memory controller stats
   rd: 2794 # Read requests
   wr: 97 # Write requests
   rdlat: 595561 # Total latency experienced by read requests
   wrlat: 33479 # Total latency experienced by write requests
   rdhits: 286 # Read row hits
   wrhits: 10 # Write row hits
   mlh: # latency histogram for memory requests
    0: 0
    1: 0
    2: 0
    3: 0
    4: 0
    5: 0
    6: 0
    7: 0
    8: 0
    9: 0
    10: 0
    11: 9
    12: 15
    13: 1647
    14: 218
    15: 87
    16: 62
    17: 43
    18: 52
    19: 40
    20: 39
    21: 44
    22: 19
    23: 30
    24: 35
    25: 20
    26: 21
    27: 16
    28: 9
    29: 10
    30: 10
    31: 6
    32: 13
    33: 15
    34: 9
    35: 10
    36: 5
    37: 8
    38: 5
    39: 8
    40: 9
    41: 4
    42: 5
    43: 2
    44: 1
    45: 0
    46: 0
    47: 0
    48: 1
    49: 0
    50: 2
    51: 2
    52: 8
    53: 6
    54: 6
    55: 1
    56: 5
    57: 6
    58: 10
    59: 6
    60: 8
    61: 7
    62: 9
    63: 2
    64: 4
    65: 4
    66: 2
    67: 8
    68: 2
    69: 6
    70: 3
    71: 1
    72: 4
    73: 9
    74: 8
    75: 8
    76: 17
    77: 6
    78: 5
    79: 7
    80: 11
    81: 7
    82: 8
    83: 3
    84: 6
    85: 5
    86: 4
    87: 4
    88: 3
    89: 3
    90: 5
    91: 1
    92: 6
    93: 4
    94: 6
    95: 4
    96: 3
    97: 4
    98: 4
    99: 4
  mem-2: # Memory controller stats
   rd: 2802 # Read requests
   wr: 100 # Write requests
   rdlat: 616259 # Total latency experienced by read requests
   wrlat: 29399 # Total latency experienced by write requests
   rdhits: 312 # Read row hits
   wrhits: 7 # Write row hits
   mlh: # latency histogram for memory requests
    0: 0
    1: 0
    2: 0
    3: 0
    4: 0
    5: 0
    6: 0
    7: 0
    8: 0
    9: 0
    10: 0
    11: 6
    12: 10
    13: 1592
    14: 218
    15: 105
    16: 81
    17: 34
    18: 46
    19: 41
    20: 33
    21: 43
    22: 29
    23: 32
    24: 38
    25: 34
    26: 24
    27: 16
    28: 18
    29: 16
    30: 7
    31: 11
    32: 9
    33: 7
    34: 8
    35: 9
    36: 7
    37: 5
    38: 7
    39: 9
    40: 6
    41: 4
    42: 6
    43: 5
    44: 6
    45: 7
    46: 3
    47: 3
    48: 2
    49: 3
    50: 2
    51: 2
    52: 6
    53: 4
    54: 3
    55: 1
    56: 3
    57: 2
    58: 3
    59: 3
    60: 6
    61: 1
    62: 2
    63: 3
    64: 2
    65: 4
    66: 10
    67: 6
    68: 3
    69: 7
    70: 7
    71: 3
    72: 5
    73: 5
    74: 6
    75: 5
    76: 7
    77: 10
    78: 6
    79: 10
    80: 4
    81: 3
    82: 8
    83: 4
    84: 5
    85: 6
    86: 10
    87: 8
    88: 8
    89: 11
    90: 6
    91: 5
    92: 9
    93: 7
    94: 6
    95: 5
    96: 8
    97: 6
    98: 3
    99: 3
  mem-3: # Memory controller stats
   rd: 2796 # Read requests
   wr: 94 # Write requests
   rdlat: 563713 # Total latency experienced by read requests
   wrlat: 32532 # Total latency experienced by write requests
   rdhits: 262 # Read row hits
   wrhits: 8 # Write row hits
   mlh: # latency histogram for memory requests
    0: 0
    1: 0
    2: 0
    3: 0
    4: 0
    5: 0
    6: 0
    7: 0
    8: 0
    9: 0
    10: 0
    11: 4
    12: 18
    13: 1657
    14: 217
    15: 96
    16: 82
    17: 44
    18: 47
    19: 45
    20: 28
    21: 35
    22: 23
    23: 35
    24: 37
    25: 25
    26: 16
    27: 13
    28: 14
    29: 11
    30: 9
    31: 12
    32: 17
    33: 11
    34: 3
    35: 6
    36: 8
    37: 6
    38: 6
    39: 1
    40: 1
    41: 4
    42: 4
    43: 6
    44: 6
    45: 4
    46: 3
    47: 5
    48: 4
    49: 8
    50: 7
    51: 6
    52: 9
    53: 7
    54: 4
    55: 4
    56: 4
    57: 5
    58: 7
    59: 5
    60: 7
    61: 5
    62: 6
    63: 4
    64: 9
    65: 13
    66: 4
    67: 5
    68: 5
    69: 4
    70: 4
    71: 11
    72: 10
    73: 8
    74: 8
    75: 4
    76: 4
    77: 6
    78: 5
    79: 6
    80: 4
    81: 3
    82: 5
    83: 4
    84: 4
    85: 2
    86: 6
    87: 4
    88: 5
    89: 2
    90: 0
    91: 0
    92: 0
    93: 0
    94: 0
    95: 0
    96: 0
    97: 0
    98: 0
    99: 0
 sched: # Scheduler stats
  thCr: 9 # Threads created
  thFn: 0 # Threads finished
  schedEvs: 9 # Schedule events
  waitEvs: 1 # Wait events
  handoffEvs: 0 # Handoff events
  sleepEvs: 0 # Sleep events
  idlePhases: 0 # Phases with no thread active
  idlePeriods: 0 # Periods with no thread active
  occHist: # Occupancy histogram
   0: 0
   1: 0
   2: 1
   3: 0
   4: 0
   5: 0
   6: 0
   7: 0
   8: 39288
  rqSzHist: # Run queue size histogram
   0: 39288
   1: 1
   2: 0
   3: 0
   4: 0
   5: 0
   6: 0
   7: 0
   8: 0
   9: 0
   10: 0
   11: 0
   12: 0
   13: 0
   14: 0
   15: 0
   16: 0
 procCycles: # Per-process unhalted core cycles
  0: 3143060026
  1: 0
  2: 0
  3: 0
  4: 0
  5: 0
  6: 0
  7: 0
  8: 0
  9: 0
  10: 0
  11: 0
  12: 0
  13: 0
  14: 0
  15: 0
  16: 0
  17: 0
  18: 0
  19: 0
  20: 0
  21: 0
  22: 0
  23: 0
  24: 0
  25: 0
  26: 0
  27: 0
  28: 0
  29: 0
  30: 0
  31: 0
  32: 0
  33: 0
  34: 0
  35: 0
  36: 0
  37: 0
  38: 0
  39: 0
  40: 0
  41: 0
  42: 0
  43: 0
  44: 0
  45: 0
  46: 0
  47: 0
  48: 0
  49: 0
  50: 0
  51: 0
  52: 0
  53: 0
  54: 0
  55: 0
  56: 0
  57: 0
  58: 0
  59: 0
  60: 0
  61: 0
  62: 0
  63: 0
 procInstrs: # Per-process instructions
  0: 5000034873
  1: 0
  2: 0
  3: 0
  4: 0
  5: 0
  6: 0
  7: 0
  8: 0
  9: 0
  10: 0
  11: 0
  12: 0
  13: 0
  14: 0
  15: 0
  16: 0
  17: 0
  18: 0
  19: 0
  20: 0
  21: 0
  22: 0
  23: 0
  24: 0
  25: 0
  26: 0
  27: 0
  28: 0
  29: 0
  30: 0
  31: 0
  32: 0
  33: 0
  34: 0
  35: 0
  36: 0
  37: 0
  38: 0
  39: 0
  40: 0
  41: 0
  42: 0
  43: 0
  44: 0
  45: 0
  46: 0
  47: 0
  48: 0
  49: 0
  50: 0
  51: 0
  52: 0
  53: 0
  54: 0
  55: 0
  56: 0
  57: 0
  58: 0
  59: 0
  60: 0
  61: 0
  62: 0
  63: 0
 heartbeats: # Per-process heartbeats
  0: 0
  1: 0
  2: 0
  3: 0
  4: 0
  5: 0
  6: 0
  7: 0
  8: 0
  9: 0
  10: 0
  11: 0
  12: 0
  13: 0
  14: 0
  15: 0
  16: 0
  17: 0
  18: 0
  19: 0
  20: 0
  21: 0
  22: 0
  23: 0
  24: 0
  25: 0
  26: 0
  27: 0
  28: 0
  29: 0
  30: 0
  31: 0
  32: 0
  33: 0
  34: 0
  35: 0
  36: 0
  37: 0
  38: 0
  39: 0
  40: 0
  41: 0
  42: 0
  43: 0
  44: 0
  45: 0
  46: 0
  47: 0
  48: 0
  49: 0
  50: 0
  51: 0
  52: 0
  53: 0
  54: 0
  55: 0
  56: 0
  57: 0
  58: 0
  59: 0
  60: 0
  61: 0
  62: 0
  63: 0
===
