# zsim stats
===
root: # Stats
 contention: # Contention simulation stats
  domain-0: # Domain stats
   time: 17172278180 # Weave simulation time
 time: # Simulator time breakdown
  init: 452283641
  bound: 363484299994
  weave: 21038729344
  ff: 0
 trigger: 20000 # Reason for this stats dump
 phase: 66761 # Simulated phases
 westmere: # Core stats
  westmere-0: # Core stats
   cycles: 658109153 # Simulated unhalted cycles
   cCycles: 54817878 # Cycles due to contention stalls
   instrs: 731413732 # Simulated instructions
   uops: 879107950 # Retired micro-ops
   bbls: 66295002 # Basic blocks
   approxInstrs: 77513 # Instrs with approx uop decoding
   mispredBranches: 249177 # Mispredicted branches
   condBranches: 46172863 # conditional branches
  westmere-1: # Core stats
   cycles: 598505114 # Simulated unhalted cycles
   cCycles: 52396419 # Cycles due to contention stalls
   instrs: 612383097 # Simulated instructions
   uops: 725006513 # Retired micro-ops
   bbls: 47022977 # Basic blocks
   approxInstrs: 8349 # Instrs with approx uop decoding
   mispredBranches: 246058 # Mispredicted branches
   condBranches: 38796160 # conditional branches
  westmere-2: # Core stats
   cycles: 589391409 # Simulated unhalted cycles
   cCycles: 51896036 # Cycles due to contention stalls
   instrs: 609503524 # Simulated instructions
   uops: 719305718 # Retired micro-ops
   bbls: 47177308 # Basic blocks
   approxInstrs: 77401 # Instrs with approx uop decoding
   mispredBranches: 245341 # Mispredicted branches
   condBranches: 39648958 # conditional branches
  westmere-3: # Core stats
   cycles: 589451441 # Simulated unhalted cycles
   cCycles: 56682096 # Cycles due to contention stalls
   instrs: 576603316 # Simulated instructions
   uops: 686305350 # Retired micro-ops
   bbls: 39859945 # Basic blocks
   approxInstrs: 77292 # Instrs with approx uop decoding
   mispredBranches: 250956 # Mispredicted branches
   condBranches: 32353354 # conditional branches
  westmere-4: # Core stats
   cycles: 589514691 # Simulated unhalted cycles
   cCycles: 51390793 # Cycles due to contention stalls
   instrs: 615031167 # Simulated instructions
   uops: 724921489 # Retired micro-ops
   bbls: 48412576 # Basic blocks
   approxInstrs: 77299 # Instrs with approx uop decoding
   mispredBranches: 249137 # Mispredicted branches
   condBranches: 40873239 # conditional branches
  westmere-5: # Core stats
   cycles: 589328457 # Simulated unhalted cycles
   cCycles: 50194771 # Cycles due to contention stalls
   instrs: 622386853 # Simulated instructions
   uops: 732235672 # Retired micro-ops
   bbls: 50044428 # Basic blocks
   approxInstrs: 77314 # Instrs with approx uop decoding
   mispredBranches: 244989 # Mispredicted branches
   condBranches: 42509044 # conditional branches
  westmere-6: # Core stats
   cycles: 589460793 # Simulated unhalted cycles
   cCycles: 50874358 # Cycles due to contention stalls
   instrs: 616528888 # Simulated instructions
   uops: 726387239 # Retired micro-ops
   bbls: 48743189 # Basic blocks
   approxInstrs: 77224 # Instrs with approx uop decoding
   mispredBranches: 247643 # Mispredicted branches
   condBranches: 41209072 # conditional branches
  westmere-7: # Core stats
   cycles: 589327134 # Simulated unhalted cycles
   cCycles: 51150511 # Cycles due to contention stalls
   instrs: 616168429 # Simulated instructions
   uops: 726102319 # Retired micro-ops
   bbls: 48668434 # Basic blocks
   approxInstrs: 77424 # Instrs with approx uop decoding
   mispredBranches: 244649 # Mispredicted branches
   condBranches: 41119972 # conditional branches
 l1i: # Cache stats
  l1i-0: # Filter cache stats
   fhGETS: 99357778 # Filtered GETS hits
   fhGETX: 0 # Filtered GETX hits
   hGETS: 13698 # GETS hits
   hGETX: 0 # GETX hits
   mGETS: 2266 # GETS misses
   mGETXIM: 0 # GETX I->M misses
   mGETXSM: 0 # GETX S->M misses (upgrade misses)
   PUTS: 0 # Clean evictions (from lower level)
   PUTX: 0 # Dirty evictions (from lower level)
   INV: 1963 # Invalidates (from upper level)
   INVX: 0 # Downgrades (from upper level)
   FWD: 0 # Forwards (from upper level)
   latGETnl: 135520 # GET request latency on next level
   latGETnet: 0 # GET request latency on network to next level
  l1i-1: # Filter cache stats
   fhGETS: 80115270 # Filtered GETS hits
   fhGETX: 0 # Filtered GETX hits
   hGETS: 24010 # GETS hits
   hGETX: 0 # GETX hits
   mGETS: 13376 # GETS misses
   mGETXIM: 0 # GETX I->M misses
   mGETXSM: 0 # GETX S->M misses (upgrade misses)
   PUTS: 0 # Clean evictions (from lower level)
   PUTX: 0 # Dirty evictions (from lower level)
   INV: 13084 # Invalidates (from upper level)
   INVX: 0 # Downgrades (from upper level)
   FWD: 0 # Forwards (from upper level)
   latGETnl: 1516964 # GET request latency on next level
   latGETnet: 0 # GET request latency on network to next level
  l1i-2: # Filter cache stats
   fhGETS: 80215810 # Filtered GETS hits
   fhGETX: 0 # Filtered GETX hits
   hGETS: 13417 # GETS hits
   hGETX: 0 # GETX hits
   mGETS: 1906 # GETS misses
   mGETXIM: 0 # GETX I->M misses
   mGETXSM: 0 # GETX S->M misses (upgrade misses)
   PUTS: 0 # Clean evictions (from lower level)
   PUTX: 0 # Dirty evictions (from lower level)
   INV: 1675 # Invalidates (from upper level)
   INVX: 0 # Downgrades (from upper level)
   FWD: 0 # Forwards (from upper level)
   latGETnl: 85594 # GET request latency on next level
   latGETnet: 0 # GET request latency on network to next level
  l1i-3: # Filter cache stats
   fhGETS: 72926162 # Filtered GETS hits
   fhGETX: 0 # Filtered GETX hits
   hGETS: 13364 # GETS hits
   hGETX: 0 # GETX hits
   mGETS: 1919 # GETS misses
   mGETXIM: 0 # GETX I->M misses
   mGETXSM: 0 # GETX S->M misses (upgrade misses)
   PUTS: 0 # Clean evictions (from lower level)
   PUTX: 0 # Dirty evictions (from lower level)
   INV: 1693 # Invalidates (from upper level)
   INVX: 0 # Downgrades (from upper level)
   FWD: 0 # Forwards (from upper level)
   latGETnl: 82436 # GET request latency on next level
   latGETnet: 0 # GET request latency on network to next level
  l1i-4: # Filter cache stats
   fhGETS: 81470135 # Filtered GETS hits
   fhGETX: 0 # Filtered GETX hits
   hGETS: 13005 # GETS hits
   hGETX: 0 # GETX hits
   mGETS: 1914 # GETS misses
   mGETXIM: 0 # GETX I->M misses
   mGETXSM: 0 # GETX S->M misses (upgrade misses)
   PUTS: 0 # Clean evictions (from lower level)
   PUTX: 0 # Dirty evictions (from lower level)
   INV: 1686 # Invalidates (from upper level)
   INVX: 0 # Downgrades (from upper level)
   FWD: 0 # Forwards (from upper level)
   latGETnl: 83256 # GET request latency on next level
   latGETnet: 0 # GET request latency on network to next level
  l1i-5: # Filter cache stats
   fhGETS: 83080819 # Filtered GETS hits
   fhGETX: 0 # Filtered GETX hits
   hGETS: 12914 # GETS hits
   hGETX: 0 # GETX hits
   mGETS: 1475 # GETS misses
   mGETXIM: 0 # GETX I->M misses
   mGETXSM: 0 # GETX S->M misses (upgrade misses)
   PUTS: 0 # Clean evictions (from lower level)
   PUTX: 0 # Dirty evictions (from lower level)
   INV: 1247 # Invalidates (from upper level)
   INVX: 0 # Downgrades (from upper level)
   FWD: 0 # Forwards (from upper level)
   latGETnl: 69590 # GET request latency on next level
   latGETnet: 0 # GET request latency on network to next level
  l1i-6: # Filter cache stats
   fhGETS: 81793657 # Filtered GETS hits
   fhGETX: 0 # Filtered GETX hits
   hGETS: 12577 # GETS hits
   hGETX: 0 # GETX hits
   mGETS: 1911 # GETS misses
   mGETXIM: 0 # GETX I->M misses
   mGETXSM: 0 # GETX S->M misses (upgrade misses)
   PUTS: 0 # Clean evictions (from lower level)
   PUTX: 0 # Dirty evictions (from lower level)
   INV: 1680 # Invalidates (from upper level)
   INVX: 0 # Downgrades (from upper level)
   FWD: 0 # Forwards (from upper level)
   latGETnl: 88824 # GET request latency on next level
   latGETnet: 0 # GET request latency on network to next level
  l1i-7: # Filter cache stats
   fhGETS: 81703485 # Filtered GETS hits
   fhGETX: 0 # Filtered GETX hits
   hGETS: 13009 # GETS hits
   hGETX: 0 # GETX hits
   mGETS: 1910 # GETS misses
   mGETXIM: 0 # GETX I->M misses
   mGETXSM: 0 # GETX S->M misses (upgrade misses)
   PUTS: 0 # Clean evictions (from lower level)
   PUTX: 0 # Dirty evictions (from lower level)
   INV: 1684 # Invalidates (from upper level)
   INVX: 0 # Downgrades (from upper level)
   FWD: 0 # Forwards (from upper level)
   latGETnl: 84110 # GET request latency on next level
   latGETnet: 0 # GET request latency on network to next level
 l1d: # Cache stats
  l1d-0: # Filter cache stats
   fhGETS: 255742503 # Filtered GETS hits
   fhGETX: 32160167 # Filtered GETX hits
   hGETS: 28147033 # GETS hits
   hGETX: 386985 # GETX hits
   mGETS: 8241803 # GETS misses
   mGETXIM: 173653 # GETX I->M misses
   mGETXSM: 449059 # GETX S->M misses (upgrade misses)
   PUTS: 0 # Clean evictions (from lower level)
   PUTX: 0 # Dirty evictions (from lower level)
   INV: 507117 # Invalidates (from upper level)
   INVX: 449721 # Downgrades (from upper level)
   FWD: 0 # Forwards (from upper level)
   latGETnl: 489236874 # GET request latency on next level
   latGETnet: 0 # GET request latency on network to next level
  l1d-1: # Filter cache stats
   fhGETS: 221641092 # Filtered GETS hits
   fhGETX: 11219582 # Filtered GETX hits
   hGETS: 28054653 # GETS hits
   hGETX: 318504 # GETX hits
   mGETS: 8368851 # GETS misses
   mGETXIM: 34171 # GETX I->M misses
   mGETXSM: 468643 # GETX S->M misses (upgrade misses)
   PUTS: 0 # Clean evictions (from lower level)
   PUTX: 0 # Dirty evictions (from lower level)
   INV: 528167 # Invalidates (from upper level)
   INVX: 453465 # Downgrades (from upper level)
   FWD: 0 # Forwards (from upper level)
   latGETnl: 484864497 # GET request latency on next level
   latGETnet: 0 # GET request latency on network to next level
  l1d-2: # Filter cache stats
   fhGETS: 221643403 # Filtered GETS hits
   fhGETX: 10420054 # Filtered GETX hits
   hGETS: 27488028 # GETS hits
   hGETX: 148406 # GETX hits
   mGETS: 8234486 # GETS misses
   mGETXIM: 33809 # GETX I->M misses
   mGETXSM: 449940 # GETX S->M misses (upgrade misses)
   PUTS: 0 # Clean evictions (from lower level)
   PUTX: 0 # Dirty evictions (from lower level)
   INV: 530537 # Invalidates (from upper level)
   INVX: 456370 # Downgrades (from upper level)
   FWD: 0 # Forwards (from upper level)
   latGETnl: 479378115 # GET request latency on next level
   latGETnet: 0 # GET request latency on network to next level
  l1d-3: # Filter cache stats
   fhGETS: 210421135 # Filtered GETS hits
   fhGETX: 6770624 # Filtered GETX hits
   hGETS: 27775333 # GETS hits
   hGETX: 146118 # GETX hits
   mGETS: 8218362 # GETS misses
   mGETXIM: 33303 # GETX I->M misses
   mGETXSM: 434365 # GETX S->M misses (upgrade misses)
   PUTS: 0 # Clean evictions (from lower level)
   PUTX: 0 # Dirty evictions (from lower level)
   INV: 506550 # Invalidates (from upper level)
   INVX: 436558 # Downgrades (from upper level)
   FWD: 0 # Forwards (from upper level)
   latGETnl: 495246139 # GET request latency on next level
   latGETnet: 0 # GET request latency on network to next level
  l1d-4: # Filter cache stats
   fhGETS: 223392647 # Filtered GETS hits
   fhGETX: 11060398 # Filtered GETX hits
   hGETS: 27566119 # GETS hits
   hGETX: 156856 # GETX hits
   mGETS: 8218714 # GETS misses
   mGETXIM: 33999 # GETX I->M misses
   mGETXSM: 436356 # GETX S->M misses (upgrade misses)
   PUTS: 0 # Clean evictions (from lower level)
   PUTX: 0 # Dirty evictions (from lower level)
   INV: 517294 # Invalidates (from upper level)
   INVX: 437789 # Downgrades (from upper level)
   FWD: 0 # Forwards (from upper level)
   latGETnl: 475442647 # GET request latency on next level
   latGETnet: 0 # GET request latency on network to next level
  l1d-5: # Filter cache stats
   fhGETS: 225646691 # Filtered GETS hits
   fhGETX: 11872611 # Filtered GETX hits
   hGETS: 27770030 # GETS hits
   hGETX: 142207 # GETX hits
   mGETS: 8231018 # GETS misses
   mGETXIM: 33702 # GETX I->M misses
   mGETXSM: 446193 # GETX S->M misses (upgrade misses)
   PUTS: 0 # Clean evictions (from lower level)
   PUTX: 0 # Dirty evictions (from lower level)
   INV: 519641 # Invalidates (from upper level)
   INVX: 455033 # Downgrades (from upper level)
   FWD: 0 # Forwards (from upper level)
   latGETnl: 473292486 # GET request latency on next level
   latGETnet: 0 # GET request latency on network to next level
  l1d-6: # Filter cache stats
   fhGETS: 223936928 # Filtered GETS hits
   fhGETX: 11214766 # Filtered GETX hits
   hGETS: 27519716 # GETS hits
   hGETX: 151299 # GETX hits
   mGETS: 8230137 # GETS misses
   mGETXIM: 33615 # GETX I->M misses
   mGETXSM: 447555 # GETX S->M misses (upgrade misses)
   PUTS: 0 # Clean evictions (from lower level)
   PUTX: 0 # Dirty evictions (from lower level)
   INV: 501910 # Invalidates (from upper level)
   INVX: 454195 # Downgrades (from upper level)
   FWD: 0 # Forwards (from upper level)
   latGETnl: 475131328 # GET request latency on next level
   latGETnet: 0 # GET request latency on network to next level
  l1d-7: # Filter cache stats
   fhGETS: 223857014 # Filtered GETS hits
   fhGETX: 11190811 # Filtered GETX hits
   hGETS: 27459336 # GETS hits
   hGETX: 145915 # GETX hits
   mGETS: 8233391 # GETS misses
   mGETXIM: 33871 # GETX I->M misses
   mGETXSM: 449663 # GETX S->M misses (upgrade misses)
   PUTS: 0 # Clean evictions (from lower level)
   PUTX: 0 # Dirty evictions (from lower level)
   INV: 520781 # Invalidates (from upper level)
   INVX: 454824 # Downgrades (from upper level)
   FWD: 0 # Forwards (from upper level)
   latGETnl: 475866586 # GET request latency on next level
   latGETnet: 0 # GET request latency on network to next level
 l2: # Cache stats
  l2-0: # Cache stats
   hGETS: 20457 # GETS hits
   hGETX: 4568 # GETX hits
   mGETS: 8223612 # GETS misses
   mGETXIM: 169275 # GETX I->M misses
   mGETXSM: 448869 # GETX S->M misses (upgrade misses)
   PUTS: 7739585 # Clean evictions (from lower level)
   PUTX: 188340 # Dirty evictions (from lower level)
   INV: 843008 # Invalidates (from upper level)
   INVX: 598687 # Downgrades (from upper level)
   FWD: 0 # Forwards (from upper level)
   latGETnl: 400704584 # GET request latency on next level
   latGETnet: 0 # GET request latency on network to next level
  l2-1: # Cache stats
   hGETS: 64431 # GETS hits
   hGETX: 1666 # GETX hits
   mGETS: 8317796 # GETS misses
   mGETXIM: 32706 # GETX I->M misses
   mGETXSM: 468442 # GETX S->M misses (upgrade misses)
   PUTS: 7770419 # Clean evictions (from lower level)
   PUTX: 124344 # Dirty evictions (from lower level)
   INV: 897884 # Invalidates (from upper level)
   INVX: 598157 # Downgrades (from upper level)
   FWD: 0 # Forwards (from upper level)
   latGETnl: 397531051 # GET request latency on next level
   latGETnet: 0 # GET request latency on network to next level
  l2-2: # Cache stats
   hGETS: 23182 # GETS hits
   hGETX: 3404 # GETX hits
   mGETS: 8213210 # GETS misses
   mGETXIM: 30625 # GETX I->M misses
   mGETXSM: 449720 # GETX S->M misses (upgrade misses)
   PUTS: 7719126 # Clean evictions (from lower level)
   PUTX: 38848 # Dirty evictions (from lower level)
   INV: 888487 # Invalidates (from upper level)
   INVX: 614770 # Downgrades (from upper level)
   FWD: 0 # Forwards (from upper level)
   latGETnl: 392262299 # GET request latency on next level
   latGETnet: 0 # GET request latency on network to next level
  l2-3: # Cache stats
   hGETS: 23939 # GETS hits
   hGETX: 4510 # GETX hits
   mGETS: 8196342 # GETS misses
   mGETXIM: 28958 # GETX I->M misses
   mGETXSM: 434200 # GETX S->M misses (upgrade misses)
   PUTS: 7723874 # Clean evictions (from lower level)
   PUTX: 39994 # Dirty evictions (from lower level)
   INV: 859330 # Invalidates (from upper level)
   INVX: 578496 # Downgrades (from upper level)
   FWD: 0 # Forwards (from upper level)
   latGETnl: 408449085 # GET request latency on next level
   latGETnet: 0 # GET request latency on network to next level
  l2-4: # Cache stats
   hGETS: 18695 # GETS hits
   hGETX: 2206 # GETX hits
   mGETS: 8201933 # GETS misses
   mGETXIM: 31995 # GETX I->M misses
   mGETXSM: 436154 # GETX S->M misses (upgrade misses)
   PUTS: 7714654 # Clean evictions (from lower level)
   PUTX: 40723 # Dirty evictions (from lower level)
   INV: 872903 # Invalidates (from upper level)
   INVX: 582125 # Downgrades (from upper level)
   FWD: 0 # Forwards (from upper level)
   latGETnl: 388616073 # GET request latency on next level
   latGETnet: 0 # GET request latency on network to next level
  l2-5: # Cache stats
   hGETS: 23164 # GETS hits
   hGETX: 5976 # GETX hits
   mGETS: 8209329 # GETS misses
   mGETXIM: 27871 # GETX I->M misses
   mGETXSM: 446048 # GETX S->M misses (upgrade misses)
   PUTS: 7723276 # Clean evictions (from lower level)
   PUTX: 40527 # Dirty evictions (from lower level)
   INV: 816199 # Invalidates (from upper level)
   INVX: 608459 # Downgrades (from upper level)
   FWD: 0 # Forwards (from upper level)
   latGETnl: 386238196 # GET request latency on next level
   latGETnet: 0 # GET request latency on network to next level
  l2-6: # Cache stats
   hGETS: 25004 # GETS hits
   hGETX: 4997 # GETX hits
   mGETS: 8207044 # GETS misses
   mGETXIM: 28770 # GETX I->M misses
   mGETXSM: 447403 # GETX S->M misses (upgrade misses)
   PUTS: 7739805 # Clean evictions (from lower level)
   PUTX: 40559 # Dirty evictions (from lower level)
   INV: 806715 # Invalidates (from upper level)
   INVX: 607126 # Downgrades (from upper level)
   FWD: 0 # Forwards (from upper level)
   latGETnl: 388087972 # GET request latency on next level
   latGETnet: 0 # GET request latency on network to next level
  l2-7: # Cache stats
   hGETS: 23820 # GETS hits
   hGETX: 4185 # GETX hits
   mGETS: 8211481 # GETS misses
   mGETXIM: 29866 # GETX I->M misses
   mGETXSM: 449483 # GETX S->M misses (upgrade misses)
   PUTS: 7726111 # Clean evictions (from lower level)
   PUTX: 40272 # Dirty evictions (from lower level)
   INV: 837045 # Invalidates (from upper level)
   INVX: 601658 # Downgrades (from upper level)
   FWD: 0 # Forwards (from upper level)
   latGETnl: 388762346 # GET request latency on next level
   latGETnet: 0 # GET request latency on network to next level
 l3: # Cache stats
  l3-0b0: # Cache stats
   hGETS: 5227202 # GETS hits
   hGETX: 316543 # GETX hits
   mGETS: 1909286 # GETS misses
   mGETXIM: 23429 # GETX I->M misses
   mGETXSM: 0 # GETX S->M misses (upgrade misses)
   PUTS: 6585265 # Clean evictions (from lower level)
   PUTX: 57081 # Dirty evictions (from lower level)
   INV: 0 # Invalidates (from upper level)
   INVX: 0 # Downgrades (from upper level)
   FWD: 0 # Forwards (from upper level)
   latGETnl: 173944350 # GET request latency on next level
   latGETnet: 0 # GET request latency on network to next level
  l3-0b1: # Cache stats
   hGETS: 5122885 # GETS hits
   hGETX: 31598 # GETX hits
   mGETS: 1914162 # GETS misses
   mGETXIM: 19647 # GETX I->M misses
   mGETXSM: 0 # GETX S->M misses (upgrade misses)
   PUTS: 6591477 # Clean evictions (from lower level)
   PUTX: 61152 # Dirty evictions (from lower level)
   INV: 0 # Invalidates (from upper level)
   INVX: 0 # Downgrades (from upper level)
   FWD: 0 # Forwards (from upper level)
   latGETnl: 174042810 # GET request latency on next level
   latGETnet: 0 # GET request latency on network to next level
  l3-0b2: # Cache stats
   hGETS: 7305492 # GETS hits
   hGETX: 883733 # GETX hits
   mGETS: 1756377 # GETS misses
   mGETXIM: 35909 # GETX I->M misses
   mGETXSM: 0 # GETX S->M misses (upgrade misses)
   PUTS: 7657072 # Clean evictions (from lower level)
   PUTX: 51976 # Dirty evictions (from lower level)
   INV: 0 # Invalidates (from upper level)
   INVX: 0 # Downgrades (from upper level)
   FWD: 0 # Forwards (from upper level)
   latGETnl: 161305740 # GET request latency on next level
   latGETnet: 0 # GET request latency on network to next level
  l3-0b3: # Cache stats
   hGETS: 9018898 # GETS hits
   hGETX: 837153 # GETX hits
   mGETS: 1933948 # GETS misses
   mGETXIM: 23713 # GETX I->M misses
   mGETXSM: 0 # GETX S->M misses (upgrade misses)
   PUTS: 9755218 # Clean evictions (from lower level)
   PUTX: 55926 # Dirty evictions (from lower level)
   INV: 0 # Invalidates (from upper level)
   INVX: 0 # Downgrades (from upper level)
   FWD: 0 # Forwards (from upper level)
   latGETnl: 176189490 # GET request latency on next level
   latGETnet: 0 # GET request latency on network to next level
  l3-0b4: # Cache stats
   hGETS: 7894686 # GETS hits
   hGETX: 805536 # GETX hits
   mGETS: 1933525 # GETS misses
   mGETXIM: 35460 # GETX I->M misses
   mGETXSM: 0 # GETX S->M misses (upgrade misses)
   PUTS: 8675192 # Clean evictions (from lower level)
   PUTX: 48629 # Dirty evictions (from lower level)
   INV: 0 # Invalidates (from upper level)
   INVX: 0 # Downgrades (from upper level)
   FWD: 0 # Forwards (from upper level)
   latGETnl: 177208650 # GET request latency on next level
   latGETnet: 0 # GET request latency on network to next level
  l3-0b5: # Cache stats
   hGETS: 5885321 # GETS hits
   hGETX: 842349 # GETX hits
   mGETS: 1911592 # GETS misses
   mGETXIM: 24302 # GETX I->M misses
   mGETXSM: 0 # GETX S->M misses (upgrade misses)
   PUTS: 6584227 # Clean evictions (from lower level)
   PUTX: 56708 # Dirty evictions (from lower level)
   INV: 0 # Invalidates (from upper level)
   INVX: 0 # Downgrades (from upper level)
   FWD: 0 # Forwards (from upper level)
   latGETnl: 174230460 # GET request latency on next level
   latGETnet: 0 # GET request latency on network to next level
  l3-0b6: # Cache stats
   hGETS: 5074256 # GETS hits
   hGETX: 17030 # GETX hits
   mGETS: 1911940 # GETS misses
   mGETXIM: 23611 # GETX I->M misses
   mGETXSM: 0 # GETX S->M misses (upgrade misses)
   PUTS: 6588160 # Clean evictions (from lower level)
   PUTX: 56631 # Dirty evictions (from lower level)
   INV: 0 # Invalidates (from upper level)
   INVX: 0 # Downgrades (from upper level)
   FWD: 0 # Forwards (from upper level)
   latGETnl: 174199590 # GET request latency on next level
   latGETnet: 0 # GET request latency on network to next level
  l3-0b7: # Cache stats
   hGETS: 5070440 # GETS hits
   hGETX: 16796 # GETX hits
   mGETS: 1910737 # GETS misses
   mGETXIM: 23576 # GETX I->M misses
   mGETXSM: 0 # GETX S->M misses (upgrade misses)
   PUTS: 6584791 # Clean evictions (from lower level)
   PUTX: 55454 # Dirty evictions (from lower level)
   INV: 0 # Invalidates (from upper level)
   INVX: 0 # Downgrades (from upper level)
   FWD: 0 # Forwards (from upper level)
   latGETnl: 174088170 # GET request latency on next level
   latGETnet: 0 # GET request latency on network to next level
 mem: # Memory controller stats
  mem-0: # Memory controller stats
   rd: 3075329 # Read requests
   wr: 36938 # Write requests
   rdlat: 415432429 # Total latency experienced by read requests
   wrlat: 5564299 # Total latency experienced by write requests
   rdhits: 31555 # Read row hits
   wrhits: 96 # Write row hits
   mlh: # latency histogram for memory requests
    0: 0
    1: 0
    2: 0
    3: 0
    4: 0
    5: 0
    6: 0
    7: 0
    8: 0
    9: 0
    10: 0
    11: 3346
    12: 5440
    13: 2910226
    14: 77544
    15: 7592
    16: 4935
    17: 5067
    18: 5839
    19: 4901
    20: 4466
    21: 4516
    22: 2155
    23: 2678
    24: 2421
    25: 2059
    26: 1644
    27: 1753
    28: 1859
    29: 1607
    30: 1734
    31: 1652
    32: 1909
    33: 1741
    34: 1788
    35: 1665
    36: 1926
    37: 1919
    38: 1724
    39: 1774
    40: 1676
    41: 1967
    42: 1804
    43: 861
    44: 330
    45: 294
    46: 231
    47: 170
    48: 53
    49: 15
    50: 9
    51: 8
    52: 13
    53: 5
    54: 3
    55: 1
    56: 1
    57: 2
    58: 1
    59: 3
    60: 2
    61: 0
    62: 0
    63: 0
    64: 0
    65: 0
    66: 0
    67: 0
    68: 0
    69: 0
    70: 0
    71: 0
    72: 0
    73: 0
    74: 0
    75: 0
    76: 0
    77: 0
    78: 0
    79: 0
    80: 0
    81: 0
    82: 0
    83: 0
    84: 0
    85: 0
    86: 0
    87: 0
    88: 0
    89: 0
    90: 0
    91: 0
    92: 0
    93: 0
    94: 0
    95: 0
    96: 0
    97: 0
    98: 0
    99: 0
  mem-1: # Memory controller stats
   rd: 3882676 # Read requests
   wr: 42430 # Write requests
   rdlat: 529075119 # Total latency experienced by read requests
   wrlat: 6482683 # Total latency experienced by write requests
   rdhits: 38759 # Read row hits
   wrhits: 67 # Write row hits
   mlh: # latency histogram for memory requests
    0: 0
    1: 0
    2: 0
    3: 0
    4: 0
    5: 0
    6: 0
    7: 0
    8: 0
    9: 0
    10: 0
    11: 4603
    12: 7751
    13: 3589514
    14: 141080
    15: 15903
    16: 10895
    17: 11539
    18: 9419
    19: 9623
    20: 9798
    21: 9513
    22: 5261
    23: 5769
    24: 5646
    25: 3706
    26: 2336
    27: 2210
    28: 2438
    29: 2403
    30: 2378
    31: 2132
    32: 2397
    33: 2327
    34: 2321
    35: 2265
    36: 2209
    37: 2418
    38: 2334
    39: 2376
    40: 2115
    41: 2376
    42: 2404
    43: 1337
    44: 554
    45: 422
    46: 355
    47: 277
    48: 135
    49: 31
    50: 25
    51: 27
    52: 18
    53: 10
    54: 6
    55: 6
    56: 6
    57: 4
    58: 3
    59: 1
    60: 0
    61: 0
    62: 0
    63: 0
    64: 0
    65: 0
    66: 0
    67: 0
    68: 0
    69: 0
    70: 0
    71: 0
    72: 0
    73: 0
    74: 0
    75: 0
    76: 0
    77: 0
    78: 0
    79: 0
    80: 0
    81: 0
    82: 0
    83: 0
    84: 0
    85: 0
    86: 0
    87: 0
    88: 0
    89: 0
    90: 0
    91: 0
    92: 0
    93: 0
    94: 0
    95: 0
    96: 0
    97: 0
    98: 0
    99: 0
  mem-2: # Memory controller stats
   rd: 4545565 # Read requests
   wr: 41971 # Write requests
   rdlat: 619878564 # Total latency experienced by read requests
   wrlat: 6510625 # Total latency experienced by write requests
   rdhits: 51253 # Read row hits
   wrhits: 113 # Write row hits
   mlh: # latency histogram for memory requests
    0: 0
    1: 0
    2: 0
    3: 0
    4: 0
    5: 0
    6: 0
    7: 0
    8: 0
    9: 0
    10: 0
    11: 7124
    12: 9345
    13: 4144512
    14: 191894
    15: 24050
    16: 15826
    17: 14786
    18: 15048
    19: 15187
    20: 14424
    21: 14278
    22: 7684
    23: 8115
    24: 7472
    25: 5139
    26: 2653
    27: 2468
    28: 2732
    29: 2685
    30: 2744
    31: 2686
    32: 2910
    33: 2795
    34: 2689
    35: 2709
    36: 2794
    37: 2859
    38: 2718
    39: 2756
    40: 2677
    41: 2888
    42: 2716
    43: 1536
    44: 758
    45: 650
    46: 500
    47: 347
    48: 175
    49: 65
    50: 47
    51: 38
    52: 19
    53: 25
    54: 17
    55: 2
    56: 13
    57: 3
    58: 3
    59: 2
    60: 1
    61: 1
    62: 0
    63: 0
    64: 0
    65: 0
    66: 0
    67: 0
    68: 0
    69: 0
    70: 0
    71: 0
    72: 0
    73: 0
    74: 0
    75: 0
    76: 0
    77: 0
    78: 0
    79: 0
    80: 0
    81: 0
    82: 0
    83: 0
    84: 0
    85: 0
    86: 0
    87: 0
    88: 0
    89: 0
    90: 0
    91: 0
    92: 0
    93: 0
    94: 0
    95: 0
    96: 0
    97: 0
    98: 0
    99: 0
  mem-3: # Memory controller stats
   rd: 3887644 # Read requests
   wr: 43062 # Write requests
   rdlat: 525599804 # Total latency experienced by read requests
   wrlat: 6410094 # Total latency experienced by write requests
   rdhits: 38053 # Read row hits
   wrhits: 59 # Write row hits
   mlh: # latency histogram for memory requests
    0: 0
    1: 0
    2: 0
    3: 0
    4: 0
    5: 0
    6: 0
    7: 0
    8: 0
    9: 0
    10: 0
    11: 2388
    12: 6512
    13: 3727621
    14: 70204
    15: 5718
    16: 3742
    17: 2612
    18: 2544
    19: 3220
    20: 3815
    21: 4043
    22: 2701
    23: 3640
    24: 3209
    25: 3123
    26: 2417
    27: 2225
    28: 2334
    29: 2472
    30: 2232
    31: 1891
    32: 2419
    33: 2382
    34: 2516
    35: 2169
    36: 2254
    37: 2514
    38: 2370
    39: 2314
    40: 2029
    41: 2527
    42: 2581
    43: 1334
    44: 455
    45: 382
    46: 358
    47: 269
    48: 46
    49: 11
    50: 19
    51: 10
    52: 4
    53: 2
    54: 4
    55: 3
    56: 4
    57: 1
    58: 1
    59: 3
    60: 0
    61: 0
    62: 0
    63: 0
    64: 0
    65: 0
    66: 0
    67: 0
    68: 0
    69: 0
    70: 0
    71: 0
    72: 0
    73: 0
    74: 0
    75: 0
    76: 0
    77: 0
    78: 0
    79: 0
    80: 0
    81: 0
    82: 0
    83: 0
    84: 0
    85: 0
    86: 0
    87: 0
    88: 0
    89: 0
    90: 0
    91: 0
    92: 0
    93: 0
    94: 0
    95: 0
    96: 0
    97: 0
    98: 0
    99: 0
 sched: # Scheduler stats
  thCr: 9 # Threads created
  thFn: 0 # Threads finished
  schedEvs: 9 # Schedule events
  waitEvs: 1 # Wait events
  handoffEvs: 0 # Handoff events
  sleepEvs: 0 # Sleep events
  idlePhases: 0 # Phases with no thread active
  idlePeriods: 0 # Periods with no thread active
  occHist: # Occupancy histogram
   0: 0
   1: 6875
   2: 0
   3: 1
   4: 0
   5: 0
   6: 0
   7: 0
   8: 59885
  rqSzHist: # Run queue size histogram
   0: 66761
   1: 0
   2: 0
   3: 0
   4: 0
   5: 0
   6: 0
   7: 0
   8: 0
   9: 0
   10: 0
   11: 0
   12: 0
   13: 0
   14: 0
   15: 0
   16: 0
 procCycles: # Per-process unhalted core cycles
  0: 4793088192
  1: 0
  2: 0
  3: 0
  4: 0
  5: 0
  6: 0
  7: 0
  8: 0
  9: 0
  10: 0
  11: 0
  12: 0
  13: 0
  14: 0
  15: 0
  16: 0
  17: 0
  18: 0
  19: 0
  20: 0
  21: 0
  22: 0
  23: 0
  24: 0
  25: 0
  26: 0
  27: 0
  28: 0
  29: 0
  30: 0
  31: 0
  32: 0
  33: 0
  34: 0
  35: 0
  36: 0
  37: 0
  38: 0
  39: 0
  40: 0
  41: 0
  42: 0
  43: 0
  44: 0
  45: 0
  46: 0
  47: 0
  48: 0
  49: 0
  50: 0
  51: 0
  52: 0
  53: 0
  54: 0
  55: 0
  56: 0
  57: 0
  58: 0
  59: 0
  60: 0
  61: 0
  62: 0
  63: 0
 procInstrs: # Per-process instructions
  0: 5000019006
  1: 0
  2: 0
  3: 0
  4: 0
  5: 0
  6: 0
  7: 0
  8: 0
  9: 0
  10: 0
  11: 0
  12: 0
  13: 0
  14: 0
  15: 0
  16: 0
  17: 0
  18: 0
  19: 0
  20: 0
  21: 0
  22: 0
  23: 0
  24: 0
  25: 0
  26: 0
  27: 0
  28: 0
  29: 0
  30: 0
  31: 0
  32: 0
  33: 0
  34: 0
  35: 0
  36: 0
  37: 0
  38: 0
  39: 0
  40: 0
  41: 0
  42: 0
  43: 0
  44: 0
  45: 0
  46: 0
  47: 0
  48: 0
  49: 0
  50: 0
  51: 0
  52: 0
  53: 0
  54: 0
  55: 0
  56: 0
  57: 0
  58: 0
  59: 0
  60: 0
  61: 0
  62: 0
  63: 0
 heartbeats: # Per-process heartbeats
  0: 0
  1: 0
  2: 0
  3: 0
  4: 0
  5: 0
  6: 0
  7: 0
  8: 0
  9: 0
  10: 0
  11: 0
  12: 0
  13: 0
  14: 0
  15: 0
  16: 0
  17: 0
  18: 0
  19: 0
  20: 0
  21: 0
  22: 0
  23: 0
  24: 0
  25: 0
  26: 0
  27: 0
  28: 0
  29: 0
  30: 0
  31: 0
  32: 0
  33: 0
  34: 0
  35: 0
  36: 0
  37: 0
  38: 0
  39: 0
  40: 0
  41: 0
  42: 0
  43: 0
  44: 0
  45: 0
  46: 0
  47: 0
  48: 0
  49: 0
  50: 0
  51: 0
  52: 0
  53: 0
  54: 0
  55: 0
  56: 0
  57: 0
  58: 0
  59: 0
  60: 0
  61: 0
  62: 0
  63: 0
===
